  word_manager.cpp
  word.cpp
  tutorial.cpp
  tube.cpp
  title.cpp
  time.cpp
  texture.cpp
  StageSelect.cpp
  sound.cpp
  SetObject.cpp
  SelectMenu.cpp
  select.cpp
  sceneX.cpp
  sceneBillboard.cpp
  scene3D.cpp
  scene2D.cpp
  scene.cpp
  result.cpp
  renderer.cpp
  PlayerNumSelect.cpp
  コードを生成中...
  コンパイル中...
  player.cpp
  number.cpp
  mask.cpp
  manager.cpp
  main.cpp
  load.cpp
  light.cpp
  InputXPad.cpp
  InputKeyboard.cpp
  input.cpp
  game.cpp
  fade.cpp
  debugProc.cpp
  Command.cpp
  CharaSelect.cpp
  charactor.cpp
  CameraManager.cpp
  camera.cpp
  コードを生成中...
  超字言　コトバトル v0.03(プロトタイプ版).vcxproj -> C:\Users\game113\Documents\GitHub\TEAM_B_OPEN\プログラム\超字言　コトバトル v0.03(プロトタイプ版)\超字言　コトバトル v0.03(プロトタイプ版).exe
  超字言　コトバトル v0.03(プロトタイプ版).vcxproj -> C:\Users\game113\Documents\GitHub\TEAM_B_OPEN\プログラム\超字言　コトバトル v0.03(プロトタイプ版)\超字言　コトバトル v0.03(プロトタイプ版).pdb (Full PDB)
