  CharaSelect.cpp
  CharaSelect_Cursol.cpp
  PlayerNumSelect.cpp
  SetObject.cpp
  SetWord.cpp
  StageSelect.cpp
  avoidui.cpp
  bullet.cpp
  charactor.cpp
  game.cpp
  loadText.cpp
  manager.cpp
  object.cpp
  player.cpp
  point.cpp
  result.cpp
  scene.cpp
  scene3D.cpp
  sceneBillboard.cpp
  time.cpp
  コンパイル中...
  tube.cpp
  tutorial.cpp
  wall.cpp
  waypoint.cpp
  word.cpp
  word_manager.cpp
  コード生成しています。
  12 of 1410 functions ( 0.9%) were compiled, the rest were copied from previous compilation.
    0 functions were new in current compilation
    25 functions had inline decision re-evaluated but remain unchanged
  コード生成が終了しました。
  v0.10 (プレα版).vcxproj -> C:\Users\game101\Desktop\TEAM_B_OPEN\プログラム\超字言　コトバトル v0.8 (β版)\v0.10 (プレα版).exe
  v0.10 (プレα版).vcxproj -> C:\Users\game101\Desktop\TEAM_B_OPEN\プログラム\超字言　コトバトル v0.8 (β版)\v0.10 (プレα版).pdb (Full PDB)
