c:\users\game101\desktop\team_b_open\プログラム\超字言　コトバトル v0.10 (プレα版)\debug\vc140.pdb
c:\users\game101\desktop\team_b_open\プログラム\超字言　コトバトル v0.10 (プレα版)\debug\vc140.idb
c:\users\game101\desktop\team_b_open\プログラム\超字言　コトバトル v0.10 (プレα版)\debug\scene2d.obj
c:\users\game101\desktop\team_b_open\プログラム\超字言　コトバトル v0.10 (プレα版)\debug\scene3d.obj
c:\users\game101\desktop\team_b_open\プログラム\超字言　コトバトル v0.10 (プレα版)\debug\scenebillboard.obj
c:\users\game101\desktop\team_b_open\プログラム\超字言　コトバトル v0.10 (プレα版)\debug\scenex.obj
c:\users\game101\desktop\team_b_open\プログラム\超字言　コトバトル v0.10 (プレα版)\debug\select.obj
c:\users\game101\desktop\team_b_open\プログラム\超字言　コトバトル v0.10 (プレα版)\debug\selectmenu.obj
c:\users\game101\desktop\team_b_open\プログラム\超字言　コトバトル v0.10 (プレα版)\debug\setobject.obj
c:\users\game101\desktop\team_b_open\プログラム\超字言　コトバトル v0.10 (プレα版)\debug\setword.obj
c:\users\game101\desktop\team_b_open\プログラム\超字言　コトバトル v0.10 (プレα版)\debug\sound.obj
c:\users\game101\desktop\team_b_open\プログラム\超字言　コトバトル v0.10 (プレα版)\debug\stageselect.obj
c:\users\game101\desktop\team_b_open\プログラム\超字言　コトバトル v0.10 (プレα版)\debug\texture.obj
c:\users\game101\desktop\team_b_open\プログラム\超字言　コトバトル v0.10 (プレα版)\debug\time.obj
c:\users\game101\desktop\team_b_open\プログラム\超字言　コトバトル v0.10 (プレα版)\debug\title.obj
c:\users\game101\desktop\team_b_open\プログラム\超字言　コトバトル v0.10 (プレα版)\debug\tube.obj
c:\users\game101\desktop\team_b_open\プログラム\超字言　コトバトル v0.10 (プレα版)\debug\tutorial.obj
c:\users\game101\desktop\team_b_open\プログラム\超字言　コトバトル v0.10 (プレα版)\debug\utilitymath.obj
c:\users\game101\desktop\team_b_open\プログラム\超字言　コトバトル v0.10 (プレα版)\debug\wall.obj
c:\users\game101\desktop\team_b_open\プログラム\超字言　コトバトル v0.10 (プレα版)\debug\waypoint.obj
c:\users\game101\desktop\team_b_open\プログラム\超字言　コトバトル v0.10 (プレα版)\debug\word.obj
c:\users\game101\desktop\team_b_open\プログラム\超字言　コトバトル v0.10 (プレα版)\debug\word_manager.obj
c:\users\game101\desktop\team_b_open\プログラム\超字言　コトバトル v0.10 (プレα版)\debug\game.obj
c:\users\game101\desktop\team_b_open\プログラム\超字言　コトバトル v0.10 (プレα版)\debug\input.obj
c:\users\game101\desktop\team_b_open\プログラム\超字言　コトバトル v0.10 (プレα版)\debug\inputkeyboard.obj
c:\users\game101\desktop\team_b_open\プログラム\超字言　コトバトル v0.10 (プレα版)\debug\inputxpad.obj
c:\users\game101\desktop\team_b_open\プログラム\超字言　コトバトル v0.10 (プレα版)\debug\light.obj
c:\users\game101\desktop\team_b_open\プログラム\超字言　コトバトル v0.10 (プレα版)\debug\load.obj
c:\users\game101\desktop\team_b_open\プログラム\超字言　コトバトル v0.10 (プレα版)\debug\loadtext.obj
c:\users\game101\desktop\team_b_open\プログラム\超字言　コトバトル v0.10 (プレα版)\debug\main.obj
c:\users\game101\desktop\team_b_open\プログラム\超字言　コトバトル v0.10 (プレα版)\debug\manager.obj
c:\users\game101\desktop\team_b_open\プログラム\超字言　コトバトル v0.10 (プレα版)\debug\mask.obj
c:\users\game101\desktop\team_b_open\プログラム\超字言　コトバトル v0.10 (プレα版)\debug\meshfield.obj
c:\users\game101\desktop\team_b_open\プログラム\超字言　コトバトル v0.10 (プレα版)\debug\meshsphere.obj
c:\users\game101\desktop\team_b_open\プログラム\超字言　コトバトル v0.10 (プレα版)\debug\number.obj
c:\users\game101\desktop\team_b_open\プログラム\超字言　コトバトル v0.10 (プレα版)\debug\object.obj
c:\users\game101\desktop\team_b_open\プログラム\超字言　コトバトル v0.10 (プレα版)\debug\player.obj
c:\users\game101\desktop\team_b_open\プログラム\超字言　コトバトル v0.10 (プレα版)\debug\playernumselect.obj
c:\users\game101\desktop\team_b_open\プログラム\超字言　コトバトル v0.10 (プレα版)\debug\point.obj
c:\users\game101\desktop\team_b_open\プログラム\超字言　コトバトル v0.10 (プレα版)\debug\renderer.obj
c:\users\game101\desktop\team_b_open\プログラム\超字言　コトバトル v0.10 (プレα版)\debug\result.obj
c:\users\game101\desktop\team_b_open\プログラム\超字言　コトバトル v0.10 (プレα版)\debug\scene.obj
c:\users\game101\desktop\team_b_open\プログラム\超字言　コトバトル v0.10 (プレα版)\debug\bullet.obj
c:\users\game101\desktop\team_b_open\プログラム\超字言　コトバトル v0.10 (プレα版)\debug\camera.obj
c:\users\game101\desktop\team_b_open\プログラム\超字言　コトバトル v0.10 (プレα版)\debug\cameramanager.obj
c:\users\game101\desktop\team_b_open\プログラム\超字言　コトバトル v0.10 (プレα版)\debug\charactor.obj
c:\users\game101\desktop\team_b_open\プログラム\超字言　コトバトル v0.10 (プレα版)\debug\charaparts.obj
c:\users\game101\desktop\team_b_open\プログラム\超字言　コトバトル v0.10 (プレα版)\debug\charaselect.obj
c:\users\game101\desktop\team_b_open\プログラム\超字言　コトバトル v0.10 (プレα版)\debug\command.obj
c:\users\game101\desktop\team_b_open\プログラム\超字言　コトバトル v0.10 (プレα版)\debug\debugproc.obj
c:\users\game101\desktop\team_b_open\プログラム\超字言　コトバトル v0.10 (プレα版)\debug\effect.obj
c:\users\game101\desktop\team_b_open\プログラム\超字言　コトバトル v0.10 (プレα版)\debug\explosion.obj
c:\users\game101\desktop\team_b_open\プログラム\超字言　コトバトル v0.10 (プレα版)\debug\fade.obj
c:\users\game101\desktop\team_b_open\プログラム\超字言　コトバトル v0.10 (プレα版)\v0.10 (プレα版).ilk
c:\users\game101\desktop\team_b_open\プログラム\超字言　コトバトル v0.10 (プレα版)\v0.10 (プレα版).exe
c:\users\game101\desktop\team_b_open\プログラム\超字言　コトバトル v0.10 (プレα版)\v0.10 (プレα版).pdb
c:\users\game101\desktop\team_b_open\プログラム\超字言　コトバトル v0.10 (プレα版)\debug\manager.obj.enc
c:\users\game101\desktop\team_b_open\プログラム\超字言　コトバトル v0.10 (プレα版)\debug\result.obj.enc
c:\users\game101\desktop\team_b_open\プログラム\超字言　コトバトル v0.10 (プレα版)\debug\v0.10 (プレα版).tlog\cl.command.1.tlog
c:\users\game101\desktop\team_b_open\プログラム\超字言　コトバトル v0.10 (プレα版)\debug\v0.10 (プレα版).tlog\cl.read.1.tlog
c:\users\game101\desktop\team_b_open\プログラム\超字言　コトバトル v0.10 (プレα版)\debug\v0.10 (プレα版).tlog\cl.write.1.tlog
c:\users\game101\desktop\team_b_open\プログラム\超字言　コトバトル v0.10 (プレα版)\debug\v0.10 (プレα版).tlog\link.command.1.tlog
c:\users\game101\desktop\team_b_open\プログラム\超字言　コトバトル v0.10 (プレα版)\debug\v0.10 (プレα版).tlog\link.read.1.tlog
c:\users\game101\desktop\team_b_open\プログラム\超字言　コトバトル v0.10 (プレα版)\debug\v0.10 (プレα版).tlog\link.write.1.tlog
