  scene.cpp
  player.cpp
  UtilityMath.cpp
  CameraManager.cpp
  コードを生成中...
  コンパイル中...
  word_manager.cpp
  word.cpp
  waypoint.cpp
  wall.cpp
  tutorial.cpp
  tube.cpp
  title.cpp
  time.cpp
  texture.cpp
  select.cpp
  sceneX.cpp
  sceneBillboard.cpp
  scene3D.cpp
  scene2D.cpp
  result.cpp
  renderer.cpp
  point.cpp
  pause.cpp
  object.cpp
  number.cpp
  コードを生成中...
  コンパイル中...
  meshSphere.cpp
  meshField.cpp
  mask.cpp
  manager.cpp
  main.cpp
  loadText.cpp
  load.cpp
  light.cpp
  game.cpp
  fade.cpp
  explosion.cpp
  effect.cpp
  debugProc.cpp
  charactor.cpp
  camera.cpp
  bullet.cpp
  avoidui.cpp
  StageSelect.cpp
  SpotLight.cpp
  SetWord.cpp
  コードを生成中...
  コンパイル中...
  SetObject.cpp
  SelectMenu.cpp
  PlayerNumSelect.cpp
  LineOrbit.cpp
  InputXPad.cpp
  Command.cpp
  CharaSelect_Cursol.cpp
  CharaSelect.cpp
  CharaParts.cpp
  コードを生成中...
  v0.10 (プレα版).vcxproj -> C:\Users\game113\Documents\GitHub\TEAM_B_OPEN\プログラム\超字言　コトバトル v0.8 (β版)\v0.10 (プレα版).exe
  v0.10 (プレα版).vcxproj -> C:\Users\game113\Documents\GitHub\TEAM_B_OPEN\プログラム\超字言　コトバトル v0.8 (β版)\v0.10 (プレα版).pdb (Full PDB)
