  word_manager.cpp
  word.cpp
  waypoint.cpp
  UtilityMath.cpp
  tutorial.cpp
  tube.cpp
  title.cpp
  time.cpp
  texture.cpp
  StageSelect.cpp
  sound.cpp
  SetWord.cpp
  SetObject.cpp
  SelectMenu.cpp
  select.cpp
  sceneX.cpp
  sceneBillboard.cpp
  scene3D.cpp
  scene2D.cpp
  scene.cpp
  コードを生成中...
  コンパイル中...
  result.cpp
  renderer.cpp
  point.cpp
  PlayerNumSelect.cpp
  player.cpp
  object.cpp
  number.cpp
  meshField.cpp
  mask.cpp
  manager.cpp
  main.cpp
  loadText.cpp
  load.cpp
  light.cpp
  InputXPad.cpp
  InputKeyboard.cpp
  input.cpp
  game.cpp
  fade.cpp
  debugProc.cpp
  コードを生成中...
  コンパイル中...
  Command.cpp
  CharaSelect.cpp
  CharaParts.cpp
  charactor.cpp
  CameraManager.cpp
  camera.cpp
  bullet.cpp
  コードを生成中...
  v0.10 (プレα版).vcxproj -> C:\Users\game113\Documents\GitHub\TEAM_B_OPEN\プログラム\超字言　コトバトル v0.10 (プレα版)\v0.10 (プレα版).exe
  v0.10 (プレα版).vcxproj -> C:\Users\game113\Documents\GitHub\TEAM_B_OPEN\プログラム\超字言　コトバトル v0.10 (プレα版)\v0.10 (プレα版).pdb (Full PDB)
