  word_manager.cpp
  word.cpp
  tutorial.cpp
  tube.cpp
  title.cpp
  texture.cpp
  StageSelect.cpp
  sound.cpp
  SetObject.cpp
  SelectMenu.cpp
  select.cpp
  sceneX.cpp
  sceneBillboard.cpp
  scene3D.cpp
  scene2D.cpp
  scene.cpp
  result.cpp
  renderer.cpp
  PlayerNumSelect.cpp
  player.cpp
  コードを生成中...
  コンパイル中...
  mask.cpp
  manager.cpp
  main.cpp
  load.cpp
  light.cpp
  InputKeyboard.cpp
  input.cpp
  game.cpp
  fade.cpp
  debugProc.cpp
  Command.cpp
  CharaSelect.cpp
  charactor.cpp
  CameraManager.cpp
  camera.cpp
  コードを生成中...
  超字言　コトバトル v0.02.vcxproj -> C:\Users\game113\Documents\GitHub\TEAM_B_OPEN\プログラム\超字言　コトバトル v0.02\超字言　コトバトル v0.02.exe
  超字言　コトバトル v0.02.vcxproj -> C:\Users\game113\Documents\GitHub\TEAM_B_OPEN\プログラム\超字言　コトバトル v0.02\超字言　コトバトル v0.02.pdb (Full PDB)
