  tutorial.cpp
c:\users\game113\documents\github\team_b_open\プログラム\コトバトル v0.01(児玉優斗)\main.h(15): fatal error C1083: include ファイルを開けません。'd3dx9.h':No such file or directory
  title.cpp
c:\users\game113\documents\github\team_b_open\プログラム\コトバトル v0.01(児玉優斗)\main.h(15): fatal error C1083: include ファイルを開けません。'd3dx9.h':No such file or directory
  texture.cpp
c:\users\game113\documents\github\team_b_open\プログラム\コトバトル v0.01(児玉優斗)\main.h(15): fatal error C1083: include ファイルを開けません。'd3dx9.h':No such file or directory
  sound.cpp
c:\users\game113\documents\github\team_b_open\プログラム\コトバトル v0.01(児玉優斗)\main.h(15): fatal error C1083: include ファイルを開けません。'd3dx9.h':No such file or directory
  select.cpp
c:\users\game113\documents\github\team_b_open\プログラム\コトバトル v0.01(児玉優斗)\main.h(15): fatal error C1083: include ファイルを開けません。'd3dx9.h':No such file or directory
  sceneX.cpp
c:\users\game113\documents\github\team_b_open\プログラム\コトバトル v0.01(児玉優斗)\main.h(15): fatal error C1083: include ファイルを開けません。'd3dx9.h':No such file or directory
  sceneBillboard.cpp
c:\users\game113\documents\github\team_b_open\プログラム\コトバトル v0.01(児玉優斗)\main.h(15): fatal error C1083: include ファイルを開けません。'd3dx9.h':No such file or directory
  scene3D.cpp
c:\users\game113\documents\github\team_b_open\プログラム\コトバトル v0.01(児玉優斗)\main.h(15): fatal error C1083: include ファイルを開けません。'd3dx9.h':No such file or directory
  scene2D.cpp
c:\users\game113\documents\github\team_b_open\プログラム\コトバトル v0.01(児玉優斗)\main.h(15): fatal error C1083: include ファイルを開けません。'd3dx9.h':No such file or directory
  scene.cpp
c:\users\game113\documents\github\team_b_open\プログラム\コトバトル v0.01(児玉優斗)\main.h(15): fatal error C1083: include ファイルを開けません。'd3dx9.h':No such file or directory
  result.cpp
c:\users\game113\documents\github\team_b_open\プログラム\コトバトル v0.01(児玉優斗)\main.h(15): fatal error C1083: include ファイルを開けません。'd3dx9.h':No such file or directory
  renderer.cpp
c:\users\game113\documents\github\team_b_open\プログラム\コトバトル v0.01(児玉優斗)\main.h(15): fatal error C1083: include ファイルを開けません。'd3dx9.h':No such file or directory
  player.cpp
c:\users\game113\documents\github\team_b_open\プログラム\コトバトル v0.01(児玉優斗)\main.h(15): fatal error C1083: include ファイルを開けません。'd3dx9.h':No such file or directory
  mask.cpp
c:\users\game113\documents\github\team_b_open\プログラム\コトバトル v0.01(児玉優斗)\main.h(15): fatal error C1083: include ファイルを開けません。'd3dx9.h':No such file or directory
  manager.cpp
c:\users\game113\documents\github\team_b_open\プログラム\コトバトル v0.01(児玉優斗)\main.h(15): fatal error C1083: include ファイルを開けません。'd3dx9.h':No such file or directory
  main.cpp
c:\users\game113\documents\github\team_b_open\プログラム\コトバトル v0.01(児玉優斗)\main.h(15): fatal error C1083: include ファイルを開けません。'd3dx9.h':No such file or directory
  load.cpp
c:\users\game113\documents\github\team_b_open\プログラム\コトバトル v0.01(児玉優斗)\main.h(15): fatal error C1083: include ファイルを開けません。'd3dx9.h':No such file or directory
  light.cpp
c:\users\game113\documents\github\team_b_open\プログラム\コトバトル v0.01(児玉優斗)\main.h(15): fatal error C1083: include ファイルを開けません。'd3dx9.h':No such file or directory
  input.cpp
c:\users\game113\documents\github\team_b_open\プログラム\コトバトル v0.01(児玉優斗)\main.h(15): fatal error C1083: include ファイルを開けません。'd3dx9.h':No such file or directory
  game.cpp
c:\users\game113\documents\github\team_b_open\プログラム\コトバトル v0.01(児玉優斗)\main.h(15): fatal error C1083: include ファイルを開けません。'd3dx9.h':No such file or directory
  コードを生成中...
  コンパイル中...
  fade.cpp
c:\users\game113\documents\github\team_b_open\プログラム\コトバトル v0.01(児玉優斗)\main.h(15): fatal error C1083: include ファイルを開けません。'd3dx9.h':No such file or directory
  debugProc.cpp
c:\users\game113\documents\github\team_b_open\プログラム\コトバトル v0.01(児玉優斗)\main.h(15): fatal error C1083: include ファイルを開けません。'd3dx9.h':No such file or directory
  charactor.cpp
c:\users\game113\documents\github\team_b_open\プログラム\コトバトル v0.01(児玉優斗)\main.h(15): fatal error C1083: include ファイルを開けません。'd3dx9.h':No such file or directory
  camera.cpp
c:\users\game113\documents\github\team_b_open\プログラム\コトバトル v0.01(児玉優斗)\main.h(15): fatal error C1083: include ファイルを開けません。'd3dx9.h':No such file or directory
  SelectMenu.cpp
c:\users\game113\documents\github\team_b_open\プログラム\コトバトル v0.01(児玉優斗)\main.h(15): fatal error C1083: include ファイルを開けません。'd3dx9.h':No such file or directory
  PlayerNumSelect.cpp
c:\users\game113\documents\github\team_b_open\プログラム\コトバトル v0.01(児玉優斗)\main.h(15): fatal error C1083: include ファイルを開けません。'd3dx9.h':No such file or directory
  InputKeyboard.cpp
c:\users\game113\documents\github\team_b_open\プログラム\コトバトル v0.01(児玉優斗)\main.h(15): fatal error C1083: include ファイルを開けません。'd3dx9.h':No such file or directory
  Command.cpp
c:\users\game113\documents\github\team_b_open\プログラム\コトバトル v0.01(児玉優斗)\main.h(15): fatal error C1083: include ファイルを開けません。'd3dx9.h':No such file or directory
  CameraManager.cpp
c:\users\game113\documents\github\team_b_open\プログラム\コトバトル v0.01(児玉優斗)\main.h(15): fatal error C1083: include ファイルを開けません。'd3dx9.h':No such file or directory
  コードを生成中...
